<?xml version="1.0" encoding="UTF-8"?>
<!-- Generated by org.testng.reporters.JUnitReportReporter -->
<testsuite hostname="NBL95VX4HAZOVHR" name="selenium.wechatautotest.AppTest" tests="1" failures="0" timestamp="22 Apr 2020 06:12:32 GMT" time="16.638" errors="0">
  <testcase name="aa" time="16.638" classname="selenium.wechatautotest.AppTest"/>
</testsuite> <!-- selenium.wechatautotest.AppTest -->
